mode: set
github.com/derailed/popeye/internal/k8s/linter/linter.go:39.71,41.2 1 1
github.com/derailed/popeye/internal/k8s/linter/linter.go:44.54,46.2 1 1
github.com/derailed/popeye/internal/k8s/linter/linter.go:49.33,51.2 1 1
github.com/derailed/popeye/internal/k8s/linter/linter.go:54.37,56.2 1 0
github.com/derailed/popeye/internal/k8s/linter/linter.go:66.38,68.29 2 1
github.com/derailed/popeye/internal/k8s/linter/linter.go:73.2,73.12 1 1
github.com/derailed/popeye/internal/k8s/linter/linter.go:68.29,69.25 1 1
github.com/derailed/popeye/internal/k8s/linter/linter.go:69.25,71.4 1 1
github.com/derailed/popeye/internal/k8s/linter/linter.go:77.34,79.2 1 1
github.com/derailed/popeye/internal/k8s/linter/linter.go:82.34,84.2 1 1
github.com/derailed/popeye/internal/k8s/linter/linter.go:86.45,88.2 1 1
github.com/derailed/popeye/internal/k8s/linter/linter.go:90.77,92.2 1 1
github.com/derailed/popeye/internal/k8s/linter/ns.go:13.32,15.2 1 1
github.com/derailed/popeye/internal/k8s/linter/ns.go:18.43,20.2 1 1
github.com/derailed/popeye/internal/k8s/linter/ns.go:22.50,23.43 1 1
github.com/derailed/popeye/internal/k8s/linter/ns.go:23.43,25.3 1 1
github.com/derailed/popeye/internal/k8s/linter/pod.go:13.20,15.2 1 1
github.com/derailed/popeye/internal/k8s/linter/pod.go:37.31,41.37 2 0
github.com/derailed/popeye/internal/k8s/linter/pod.go:44.2,47.39 2 0
github.com/derailed/popeye/internal/k8s/linter/pod.go:41.37,43.3 1 0
github.com/derailed/popeye/internal/k8s/linter/pod.go:50.46,51.23 1 1
github.com/derailed/popeye/internal/k8s/linter/pod.go:51.23,52.29 1 1
github.com/derailed/popeye/internal/k8s/linter/pod.go:55.3,55.30 1 1
github.com/derailed/popeye/internal/k8s/linter/pod.go:52.29,54.4 1 1
github.com/derailed/popeye/internal/k8s/linter/pod.go:55.30,57.4 1 1
github.com/derailed/popeye/internal/k8s/linter/pod.go:61.50,62.23 1 1
github.com/derailed/popeye/internal/k8s/linter/pod.go:62.23,66.3 3 1
github.com/derailed/popeye/internal/k8s/linter/pod.go:69.74,71.12 2 1
github.com/derailed/popeye/internal/k8s/linter/pod.go:75.2,76.23 2 1
github.com/derailed/popeye/internal/k8s/linter/pod.go:80.2,80.53 1 1
github.com/derailed/popeye/internal/k8s/linter/pod.go:71.12,73.3 1 0
github.com/derailed/popeye/internal/k8s/linter/pod.go:76.23,78.3 1 1
github.com/derailed/popeye/internal/k8s/linter/pod.go:80.53,82.3 1 1
github.com/derailed/popeye/internal/k8s/linter/pod.go:85.48,86.22 1 1
github.com/derailed/popeye/internal/k8s/linter/pod.go:87.21,87.21 0 1
github.com/derailed/popeye/internal/k8s/linter/pod.go:88.23,88.23 0 1
github.com/derailed/popeye/internal/k8s/linter/pod.go:89.10,90.75 1 1
github.com/derailed/popeye/internal/k8s/linter/svc.go:17.28,19.2 1 0
github.com/derailed/popeye/internal/k8s/linter/svc.go:22.37,23.2 0 0
github.com/derailed/popeye/internal/k8s/linter/container.go:13.32,15.2 1 1
github.com/derailed/popeye/internal/k8s/linter/container.go:22.43,25.2 2 1
github.com/derailed/popeye/internal/k8s/linter/container.go:27.50,28.29 1 1
github.com/derailed/popeye/internal/k8s/linter/container.go:31.2,31.30 1 1
github.com/derailed/popeye/internal/k8s/linter/container.go:28.29,30.3 1 1
github.com/derailed/popeye/internal/k8s/linter/container.go:31.30,33.3 1 1
github.com/derailed/popeye/internal/k8s/linter/container.go:36.53,37.70 1 1
github.com/derailed/popeye/internal/k8s/linter/container.go:37.70,39.3 1 1
github.com/derailed/popeye/internal/k8s/linter/container_status.go:15.61,16.13 1 1
github.com/derailed/popeye/internal/k8s/linter/container_status.go:20.2,20.28 1 1
github.com/derailed/popeye/internal/k8s/linter/container_status.go:24.2,24.31 1 1
github.com/derailed/popeye/internal/k8s/linter/container_status.go:28.2,28.35 1 1
github.com/derailed/popeye/internal/k8s/linter/container_status.go:16.13,18.3 1 1
github.com/derailed/popeye/internal/k8s/linter/container_status.go:20.28,22.3 1 1
github.com/derailed/popeye/internal/k8s/linter/container_status.go:24.31,26.3 1 1
github.com/derailed/popeye/internal/k8s/linter/container_status.go:31.58,32.22 1 1
github.com/derailed/popeye/internal/k8s/linter/container_status.go:36.2,36.19 1 1
github.com/derailed/popeye/internal/k8s/linter/container_status.go:40.2,40.18 1 1
github.com/derailed/popeye/internal/k8s/linter/container_status.go:44.2,44.20 1 1
github.com/derailed/popeye/internal/k8s/linter/container_status.go:48.2,48.12 1 1
github.com/derailed/popeye/internal/k8s/linter/container_status.go:32.22,34.3 1 1
github.com/derailed/popeye/internal/k8s/linter/container_status.go:36.19,38.3 1 1
github.com/derailed/popeye/internal/k8s/linter/container_status.go:40.18,42.3 1 1
github.com/derailed/popeye/internal/k8s/linter/container_status.go:44.20,46.3 1 1
github.com/derailed/popeye/internal/k8s/linter/container_status.go:52.43,53.15 1 1
github.com/derailed/popeye/internal/k8s/linter/container_status.go:56.2,56.10 1 1
github.com/derailed/popeye/internal/k8s/linter/container_status.go:53.15,55.3 1 1
